
--- Job FED_SIMULATOR_MAIN.gms Start 06/07/17 20:08:25 24.8.4 r60966 WEX-WEI x86 64bit/MS Windows
GAMS 24.8.4   Copyright (C) 1987-2017 GAMS Development. All rights reserved
Licensee: Small MUD - 5 User License                     S161222:0404AO-WIN
          Chalmers University of Technology, Department of Energy andDC1456
          License for teaching and research at degree granting institutions
          License Admin: Tuan A. Le, tuan.le@chalmers.se                   
--- Starting compilation
--- FED_SIMULATOR_MAIN.gms(5) 2 Mb
--- .FED_Initialize.gms(7) 2 Mb
--- ..FED_GENERAGE_GDX_FILE.gms(12) 3 Mb
--- call GDXXRW.EXE Energy_at_campus.xlsx par=heat_demand0 rng=Heating!A2:M8762 par=el_demand0 rng=Electricity!A2:M8762 par=cooling_demand0 rng=Cooling!A2:M8762

GDXXRW           24.8.4 r60966 Released Apr 10, 2017 VS8 x86 32bit/MS Windows 
Input file : D:\FED_SIMULATOR\v1\Energy_at_campus.xlsx
Output file: D:\FED_SIMULATOR\v1\Energy_at_campus.gdx
Total time = 1747 Ms
--- ..FED_GENERAGE_GDX_FILE.gms(17) 3 Mb
--- GDXin=D:\FED_SIMULATOR\v1\Energy_at_campus.gdx
--- ..FED_GENERAGE_GDX_FILE.gms(25) 11 Mb
--- call =xls2gms "I=input_origin.xls" R=first!D3:E8762 "O=el_price0.gdx"
--- ..FED_GENERAGE_GDX_FILE.gms(28) 11 Mb
--- ...el_price0.gdx(8771) 11 Mb
--- ..FED_GENERAGE_GDX_FILE.gms(33) 11 Mb
--- call =xls2gms "I=input_origin.xls" R=first!R3:S8762 "O=heat_price0.gdx"
--- ..FED_GENERAGE_GDX_FILE.gms(36) 11 Mb
--- ...heat_price0.gdx(8771) 11 Mb
--- ..FED_GENERAGE_GDX_FILE.gms(41) 11 Mb
--- call =xls2gms "I=Energy_at_campus.xlsx" R=tout!A3:E8762 "O=temp_out0.gdx";
--- ..FED_GENERAGE_GDX_FILE.gms(44) 11 Mb
--- ...temp_out0.gdx;(8771) 11 Mb
--- ..FED_GENERAGE_GDX_FILE.gms(49) 11 Mb
--- call =xls2gms "I=pv_data.xlsx" R=Irradiance!A1:B8760 "O=nPV_ird0.gdx";
--- ..FED_GENERAGE_GDX_FILE.gms(52) 11 Mb
--- ...nPV_ird0.gdx;(8771) 11 Mb
--- ..FED_GENERAGE_GDX_FILE.gms(57) 11 Mb
--- call =xls2gms "I=input_origin.xls" R=first!K3:L8762 "O=TES_dis_max0.gdx"
--- ..FED_GENERAGE_GDX_FILE.gms(60) 11 Mb
--- ...TES_dis_max0.gdx(8771) 11 Mb
--- ..FED_GENERAGE_GDX_FILE.gms(64) 11 Mb
--- call =xls2gms "I=input_origin.xls" R=first!N3:O8762 "O=TES_ch_max0.gdx"
--- ..FED_GENERAGE_GDX_FILE.gms(67) 11 Mb
--- ...TES_ch_max0.gdx(8771) 11 Mb
--- ..FED_GENERAGE_GDX_FILE.gms(72) 11 Mb
--- call GDXXRW.EXE Building_TES_model.xlsx par=BTES_model0 rng=BTES_data!A2:K14

GDXXRW           24.8.4 r60966 Released Apr 10, 2017 VS8 x86 32bit/MS Windows 
Input file : D:\FED_SIMULATOR\v1\Building_TES_model.xlsx
Output file: D:\FED_SIMULATOR\v1\Building_TES_model.gdx
Total time = 640 Ms
--- ..FED_GENERAGE_GDX_FILE.gms(79) 11 Mb
--- GDXin=D:\FED_SIMULATOR\v1\Building_TES_model.gdx
--- ..FED_GENERAGE_GDX_FILE.gms(82) 11 Mb
--- .FED_Initialize.gms(179) 12 Mb
--- FED_SIMULATOR_MAIN.gms(6) 12 Mb
--- .FED_Variables.gms(113) 12 Mb
--- FED_SIMULATOR_MAIN.gms(7) 12 Mb
--- .FED_Equations.gms(161) 12 Mb
--- FED_SIMULATOR_MAIN.gms(55) 12 Mb
--- Starting execution: elapsed 0:00:14.130
--- FED_SIMULATOR_MAIN.gms(53174) 30 Mb
--- Generating LP model total
--- FED_SIMULATOR_MAIN.gms(53182) 61 Mb
---   110,148 rows  132,464 columns  319,753 non-zeroes
--- Executing CPLEX: elapsed 0:00:14.525

IBM ILOG CPLEX   24.8.4 r60966 Released Apr 10, 2017 WEI x86 64bit/MS Windows 
--- GAMS/Cplex licensed for continuous and discrete problems.
Cplex 12.7.1.0

Reading data...
Starting Cplex...
Space for names approximately 6.09 Mb
Use option 'names no' to turn use of names off
CPXPARAM_Advance                                 0
CPXPARAM_Simplex_Limits_Iterations               2000000000
CPXPARAM_TimeLimit                               5000
CPXPARAM_Threads                                 1
CPXPARAM_Parallel                                1
CPXPARAM_Tune_TimeLimit                          1000
Tried aggregator 1 time.
LP Presolve eliminated 65377 rows and 87675 columns.
Aggregator did 38271 substitutions.
Reduced LP has 6500 rows, 6518 columns, and 19692 nonzeros.
Presolve time = 0.11 sec. (85.02 ticks)
Initializing dual steep norms . . .

Iteration log . . .
Iteration:     1   Dual objective     =       1521508.187875
Iteration:   218   Dual objective     =       2527024.442791
Iteration:   303   Dual objective     =       2527820.035167
Iteration:   446   Dual objective     =       2528172.330887
Iteration:   734   Dual objective     =       2529139.624150
LP status(1): optimal
Cplex Time: 0.19sec (det. 191.82 ticks)

Optimal solution found.
Objective :     2529341.924819

--- Restarting execution
--- FED_SIMULATOR_MAIN.gms(53182) 36 Mb
--- Reading solution for model total
--- FED_SIMULATOR_MAIN.gms(53182) 44 Mb
--- Executing after solve: elapsed 0:00:15.614
--- FED_SIMULATOR_MAIN.gms(53184) 45 Mb
--- Profile Summary (44 records processed)
     0.500   0.044GB     53182 Solve Read total
     0.078   0.061GB     53182 Solve Fini total (319753)
     0.047   0.061GB     53182 GAMS Fini   
     0.016   0.051GB     53152 Equation   eq_ebalance (720)
     0.016   0.044GB     53108 Equation   eq_BTES_Sloss (8628)
     0.016   0.048GB     53132 Equation   eq_BES_ch (720)
     0.016   0.060GB     53161 Equation   eq_etrans (17280)
     0.015   0.045GB     53184 Display    
     0.015   0.035GB     53106 Equation   eq_BTES_Sdis (8640)
     0.015   0.046GB     53116 Equation   eq_BTES_Dloss (8628)
*** Status: Normal completion
--- Job FED_SIMULATOR_MAIN.gms Stop 06/07/17 20:08:40 elapsed 0:00:15.617
